# JRE version: Java(TM) SE Runtime Environment (8.0_65-b17) (build 1.8.0_65-b17)
# Java VM: Java HotSpot(TM) 64-Bit Server VM (25.65-b01 mixed mode windows-amd64 compressed oops)
Heap:
 PSYoungGen      total 222208K, used 159594K [0x00000000e0000000, 0x00000000f3500000, 0x0000000100000000)
  eden space 199168K, 68% used [0x00000000e0000000,0x00000000e85621e0,0x00000000ec280000)
  from space 23040K, 99% used [0x00000000ec280000,0x00000000ed8f8908,0x00000000ed900000)
  to   space 33280K, 0% used [0x00000000f1480000,0x00000000f1480000,0x00000000f3500000)
 ParOldGen       total 126976K, used 69079K [0x00000000a0000000, 0x00000000a7c00000, 0x00000000e0000000)
  object space 126976K, 54% used [0x00000000a0000000,0x00000000a4375e18,0x00000000a7c00000)
 Metaspace       used 70720K, capacity 73632K, committed 73688K, reserved 1114112K
  class space    used 9422K, capacity 9967K, committed 9984K, reserved 1048576K
GC Heap History (10 events):
Event: 43.105 GC heap before
{Heap before GC invocations=22 (full 2):
 PSYoungGen      total 149504K, used 35908K [0x00000000e0000000, 0x00000000ed280000, 0x0000000100000000)
  eden space 130048K, 12% used [0x00000000e0000000,0x00000000e1019048,0x00000000e7f00000)
  from space 19456K, 99% used [0x00000000e7f00000,0x00000000e91f8010,0x00000000e9200000)
  to   space 25088K, 0% used [0x00000000eba00000,0x00000000eba00000,0x00000000ed280000)
 ParOldGen       total 80384K, used 33174K [0x00000000a0000000, 0x00000000a4e80000, 0x00000000e0000000)
  object space 80384K, 41% used [0x00000000a0000000,0x00000000a2065a68,0x00000000a4e80000)
 Metaspace       used 56537K, capacity 58874K, committed 58968K, reserved 1099776K
  class space    used 7799K, capacity 8264K, committed 8320K, reserved 1048576K
Event: 43.137 GC heap after
Heap after GC invocations=22 (full 2):
 PSYoungGen      total 190464K, used 10224K [0x00000000e0000000, 0x00000000ed100000, 0x0000000100000000)
  eden space 166912K, 0% used [0x00000000e0000000,0x00000000e0000000,0x00000000ea300000)
  from space 23552K, 43% used [0x00000000eba00000,0x00000000ec3fc060,0x00000000ed100000)
  to   space 23552K, 0% used [0x00000000ea300000,0x00000000ea300000,0x00000000eba00000)
 ParOldGen       total 80384K, used 45091K [0x00000000a0000000, 0x00000000a4e80000, 0x00000000e0000000)
  object space 80384K, 56% used [0x00000000a0000000,0x00000000a2c08f40,0x00000000a4e80000)
 Metaspace       used 56537K, capacity 58874K, committed 58968K, reserved 1099776K
  class space    used 7799K, capacity 8264K, committed 8320K, reserved 1048576K
}
Event: 43.137 GC heap before
{Heap before GC invocations=23 (full 3):
 PSYoungGen      total 190464K, used 10224K [0x00000000e0000000, 0x00000000ed100000, 0x0000000100000000)
  eden space 166912K, 0% used [0x00000000e0000000,0x00000000e0000000,0x00000000ea300000)
  from space 23552K, 43% used [0x00000000eba00000,0x00000000ec3fc060,0x00000000ed100000)
  to   space 23552K, 0% used [0x00000000ea300000,0x00000000ea300000,0x00000000eba00000)
 ParOldGen       total 80384K, used 45091K [0x00000000a0000000, 0x00000000a4e80000, 0x00000000e0000000)
  object space 80384K, 56% used [0x00000000a0000000,0x00000000a2c08f40,0x00000000a4e80000)
 Metaspace       used 56537K, capacity 58874K, committed 58968K, reserved 1099776K
  class space    used 7799K, capacity 8264K, committed 8320K, reserved 1048576K
Event: 43.504 GC heap after
Heap after GC invocations=23 (full 3):
 PSYoungGen      total 190464K, used 0K [0x00000000e0000000, 0x00000000ed100000, 0x0000000100000000)
  eden space 166912K, 0% used [0x00000000e0000000,0x00000000e0000000,0x00000000ea300000)
  from space 23552K, 0% used [0x00000000eba00000,0x00000000eba00000,0x00000000ed100000)
  to   space 23552K, 0% used [0x00000000ea300000,0x00000000ea300000,0x00000000eba00000)
 ParOldGen       total 126976K, used 43670K [0x00000000a0000000, 0x00000000a7c00000, 0x00000000e0000000)
  object space 126976K, 34% used [0x00000000a0000000,0x00000000a2aa5bf0,0x00000000a7c00000)
 Metaspace       used 56537K, capacity 58874K, committed 58968K, reserved 1099776K
  class space    used 7799K, capacity 8264K, committed 8320K, reserved 1048576K
}
Event: 1171.446 GC heap before
{Heap before GC invocations=24 (full 3):
 PSYoungGen      total 190464K, used 166912K [0x00000000e0000000, 0x00000000ed100000, 0x0000000100000000)
  eden space 166912K, 100% used [0x00000000e0000000,0x00000000ea300000,0x00000000ea300000)
  from space 23552K, 0% used [0x00000000eba00000,0x00000000eba00000,0x00000000ed100000)
  to   space 23552K, 0% used [0x00000000ea300000,0x00000000ea300000,0x00000000eba00000)
 ParOldGen       total 126976K, used 43670K [0x00000000a0000000, 0x00000000a7c00000, 0x00000000e0000000)
  object space 126976K, 34% used [0x00000000a0000000,0x00000000a2aa5bf0,0x00000000a7c00000)
 Metaspace       used 58849K, capacity 61378K, committed 61528K, reserved 1101824K
  class space    used 8071K, capacity 8562K, committed 8576K, reserved 1048576K
Event: 1171.464 GC heap after
Heap after GC invocations=24 (full 3):
 PSYoungGen      total 190464K, used 8139K [0x00000000e0000000, 0x00000000ef380000, 0x0000000100000000)
  eden space 166912K, 0% used [0x00000000e0000000,0x00000000e0000000,0x00000000ea300000)
  from space 23552K, 34% used [0x00000000ea300000,0x00000000eaaf2cb0,0x00000000eba00000)
  to   space 23040K, 0% used [0x00000000edd00000,0x00000000edd00000,0x00000000ef380000)
 ParOldGen       total 126976K, used 43678K [0x00000000a0000000, 0x00000000a7c00000, 0x00000000e0000000)
  object space 126976K, 34% used [0x00000000a0000000,0x00000000a2aa7bf0,0x00000000a7c00000)
 Metaspace       used 58849K, capacity 61378K, committed 61528K, reserved 1101824K
  class space    used 8071K, capacity 8562K, committed 8576K, reserved 1048576K
}
Event: 1189.853 GC heap before
{Heap before GC invocations=25 (full 3):
 PSYoungGen      total 190464K, used 175051K [0x00000000e0000000, 0x00000000ef380000, 0x0000000100000000)
  eden space 166912K, 100% used [0x00000000e0000000,0x00000000ea300000,0x00000000ea300000)
  from space 23552K, 34% used [0x00000000ea300000,0x00000000eaaf2cb0,0x00000000eba00000)
  to   space 23040K, 0% used [0x00000000edd00000,0x00000000edd00000,0x00000000ef380000)
 ParOldGen       total 126976K, used 43678K [0x00000000a0000000, 0x00000000a7c00000, 0x00000000e0000000)
  object space 126976K, 34% used [0x00000000a0000000,0x00000000a2aa7bf0,0x00000000a7c00000)
 Metaspace       used 67921K, capacity 70668K, committed 70872K, reserved 1110016K
  class space    used 9090K, capacity 9633K, committed 9728K, reserved 1048576K
Event: 1189.883 GC heap after
Heap after GC invocations=25 (full 3):
 PSYoungGen      total 218112K, used 14171K [0x00000000e0000000, 0x00000000eef80000, 0x0000000100000000)
  eden space 199168K, 0% used [0x00000000e0000000,0x00000000e0000000,0x00000000ec280000)
  from space 18944K, 74% used [0x00000000edd00000,0x00000000eead6d10,0x00000000eef80000)
  to   space 23040K, 0% used [0x00000000ec280000,0x00000000ec280000,0x00000000ed900000)
 ParOldGen       total 126976K, used 49787K [0x00000000a0000000, 0x00000000a7c00000, 0x00000000e0000000)
  object space 126976K, 39% used [0x00000000a0000000,0x00000000a309ec38,0x00000000a7c00000)
 Metaspace       used 67921K, capacity 70668K, committed 70872K, reserved 1110016K
  class space    used 9090K, capacity 9633K, committed 9728K, reserved 1048576K
}
Event: 1191.911 GC heap before
{Heap before GC invocations=26 (full 3):
 PSYoungGen      total 218112K, used 213339K [0x00000000e0000000, 0x00000000eef80000, 0x0000000100000000)
  eden space 199168K, 100% used [0x00000000e0000000,0x00000000ec280000,0x00000000ec280000)
  from space 18944K, 74% used [0x00000000edd00000,0x00000000eead6d10,0x00000000eef80000)
  to   space 23040K, 0% used [0x00000000ec280000,0x00000000ec280000,0x00000000ed900000)
 ParOldGen       total 126976K, used 49787K [0x00000000a0000000, 0x00000000a7c00000, 0x00000000e0000000)
  object space 126976K, 39% used [0x00000000a0000000,0x00000000a309ec38,0x00000000a7c00000)
 Metaspace       used 68241K, capacity 70924K, committed 71128K, reserved 1110016K
  class space    used 9094K, capacity 9633K, committed 9728K, reserved 1048576K
Event: 1192.011 GC heap after
Heap after GC invocations=26 (full 3):
 PSYoungGen      total 222208K, used 23010K [0x00000000e0000000, 0x00000000f3500000, 0x0000000100000000)
  eden space 199168K, 0% used [0x00000000e0000000,0x00000000e0000000,0x00000000ec280000)
  from space 23040K, 99% used [0x00000000ec280000,0x00000000ed8f8908,0x00000000ed900000)
  to   space 33280K, 0% used [0x00000000f1480000,0x00000000f1480000,0x00000000f3500000)
 ParOldGen       total 126976K, used 69079K [0x00000000a0000000, 0x00000000a7c00000, 0x00000000e0000000)
  object space 126976K, 54% used [0x00000000a0000000,0x00000000a4375e18,0x00000000a7c00000)
 Metaspace       used 68241K, capacity 70924K, committed 71128K, reserved 1110016K
  class space    used 9094K, capacity 9633K, committed 9728K, reserved 1048576K
}

